<?xml version="1.0" encoding="UTF-8"?>
<testsuites>
  <testsuite name="" tests="12" assertions="43" errors="0" warnings="0" failures="0" skipped="0" time="0.140243">
    <testsuite name="Unit Tests" tests="12" assertions="43" errors="0" warnings="0" failures="0" skipped="0" time="0.140243">
      <testsuite name="HeimrichHannot\TwigSupportBundle\Test\EventListener\RenderListenerTest" file="/home/dev/Kunden/github/contao-twig-support-bundle/tests/EventListener/RenderListenerTest.php" tests="5" assertions="10" errors="0" warnings="0" failures="0" skipped="0" time="0.039753">
        <testcase name="testRender" class="HeimrichHannot\TwigSupportBundle\Test\EventListener\RenderListenerTest" classname="HeimrichHannot.TwigSupportBundle.Test.EventListener.RenderListenerTest" file="/home/dev/Kunden/github/contao-twig-support-bundle/tests/EventListener/RenderListenerTest.php" line="102" assertions="2" time="0.035820"/>
        <testcase name="testOnParseTemplateSkipTemplates" class="HeimrichHannot\TwigSupportBundle\Test\EventListener\RenderListenerTest" classname="HeimrichHannot.TwigSupportBundle.Test.EventListener.RenderListenerTest" file="/home/dev/Kunden/github/contao-twig-support-bundle/tests/EventListener/RenderListenerTest.php" line="135" assertions="2" time="0.001993"/>
        <testcase name="testOnParseWidgetSkipTemplates" class="HeimrichHannot\TwigSupportBundle\Test\EventListener\RenderListenerTest" classname="HeimrichHannot.TwigSupportBundle.Test.EventListener.RenderListenerTest" file="/home/dev/Kunden/github/contao-twig-support-bundle/tests/EventListener/RenderListenerTest.php" line="166" assertions="2" time="0.000664"/>
        <testcase name="testPrepareContaoTemplateSkipOnException" class="HeimrichHannot\TwigSupportBundle\Test\EventListener\RenderListenerTest" classname="HeimrichHannot.TwigSupportBundle.Test.EventListener.RenderListenerTest" file="/home/dev/Kunden/github/contao-twig-support-bundle/tests/EventListener/RenderListenerTest.php" line="190" assertions="2" time="0.001011"/>
        <testcase name="testOnParseWidgetSkipOnException" class="HeimrichHannot\TwigSupportBundle\Test\EventListener\RenderListenerTest" classname="HeimrichHannot.TwigSupportBundle.Test.EventListener.RenderListenerTest" file="/home/dev/Kunden/github/contao-twig-support-bundle/tests/EventListener/RenderListenerTest.php" line="222" assertions="2" time="0.000266"/>
      </testsuite>
      <testsuite name="HeimrichHannot\TwigSupportBundle\Test\Filesystem\TemplateContextTest" file="/home/dev/Kunden/github/contao-twig-support-bundle/tests/Filesystem/TemplateContextTest.php" tests="1" assertions="8" errors="0" warnings="0" failures="0" skipped="0" time="0.000215">
        <testcase name="testTemplateContext" class="HeimrichHannot\TwigSupportBundle\Test\Filesystem\TemplateContextTest" classname="HeimrichHannot.TwigSupportBundle.Test.Filesystem.TemplateContextTest" file="/home/dev/Kunden/github/contao-twig-support-bundle/tests/Filesystem/TemplateContextTest.php" line="16" assertions="8" time="0.000215"/>
      </testsuite>
      <testsuite name="HeimrichHannot\TwigSupportBundle\Test\Filesystem\TwigTemplateLocatorTest" file="/home/dev/Kunden/github/contao-twig-support-bundle/tests/Filesystem/TwigTemplateLocatorTest.php" tests="4" assertions="14" errors="0" warnings="0" failures="0" skipped="0" time="0.037263">
        <testcase name="testGetTemplateGroup" class="HeimrichHannot\TwigSupportBundle\Test\Filesystem\TwigTemplateLocatorTest" classname="HeimrichHannot.TwigSupportBundle.Test.Filesystem.TwigTemplateLocatorTest" file="/home/dev/Kunden/github/contao-twig-support-bundle/tests/Filesystem/TwigTemplateLocatorTest.php" line="81" assertions="7" time="0.020146"/>
        <testcase name="testGenerateContaoTwigTemplatePathsEmpty" class="HeimrichHannot\TwigSupportBundle\Test\Filesystem\TwigTemplateLocatorTest" classname="HeimrichHannot.TwigSupportBundle.Test.Filesystem.TwigTemplateLocatorTest" file="/home/dev/Kunden/github/contao-twig-support-bundle/tests/Filesystem/TwigTemplateLocatorTest.php" line="171" assertions="1" time="0.005794"/>
        <testcase name="testGenerateContaoTwigTemplatePathsBundles" class="HeimrichHannot\TwigSupportBundle\Test\Filesystem\TwigTemplateLocatorTest" classname="HeimrichHannot.TwigSupportBundle.Test.Filesystem.TwigTemplateLocatorTest" file="/home/dev/Kunden/github/contao-twig-support-bundle/tests/Filesystem/TwigTemplateLocatorTest.php" line="189" assertions="4" time="0.010242"/>
        <testcase name="testGetTemplatePath" class="HeimrichHannot\TwigSupportBundle\Test\Filesystem\TwigTemplateLocatorTest" classname="HeimrichHannot.TwigSupportBundle.Test.Filesystem.TwigTemplateLocatorTest" file="/home/dev/Kunden/github/contao-twig-support-bundle/tests/Filesystem/TwigTemplateLocatorTest.php" line="206" assertions="2" time="0.001081"/>
      </testsuite>
      <testsuite name="HeimrichHannot\TwigSupportBundle\Test\Renderer\TwigTemplateRendererTest" file="/home/dev/Kunden/github/contao-twig-support-bundle/tests/Renderer/TwigTemplateRendererTest.php" tests="1" assertions="7" errors="0" warnings="0" failures="0" skipped="0" time="0.003897">
        <testcase name="testRender" class="HeimrichHannot\TwigSupportBundle\Test\Renderer\TwigTemplateRendererTest" classname="HeimrichHannot.TwigSupportBundle.Test.Renderer.TwigTemplateRendererTest" file="/home/dev/Kunden/github/contao-twig-support-bundle/tests/Renderer/TwigTemplateRendererTest.php" line="38" assertions="7" time="0.003897"/>
      </testsuite>
      <testsuite name="HeimrichHannot\TwigSupportBundle\Test\Template\TwigFrontendTemplateTest" file="/home/dev/Kunden/github/contao-twig-support-bundle/tests/Template/TwigFrontendTemplateTest.php" tests="1" assertions="4" errors="0" warnings="0" failures="0" skipped="0" time="0.059115">
        <testcase name="testInherit" class="HeimrichHannot\TwigSupportBundle\Test\Template\TwigFrontendTemplateTest" classname="HeimrichHannot.TwigSupportBundle.Test.Template.TwigFrontendTemplateTest" file="/home/dev/Kunden/github/contao-twig-support-bundle/tests/Template/TwigFrontendTemplateTest.php" line="21" assertions="4" time="0.059115"/>
      </testsuite>
    </testsuite>
  </testsuite>
</testsuites>
